{"contracts\\FlokiNFT.sol":{"l":{"241":12,"242":12,"245":12,"265":0,"267":0,"268":0,"290":0,"304":0,"323":0,"338":0,"339":0,"341":0,"342":0,"352":0,"366":0,"368":0,"369":0,"379":0,"393":0,"395":0,"396":0,"410":0,"411":0,"414":0,"417":0,"422":0,"442":0,"446":0,"465":0,"466":0,"468":0,"469":0,"470":0,"471":0,"472":0,"474":0,"475":0,"476":0,"477":0,"478":0,"480":0,"487":0,"488":0,"490":0,"491":0,"492":0,"493":0,"494":0,"496":0,"503":0,"504":0,"505":0,"506":0,"507":0,"508":0,"510":0,"511":0,"536":0,"573":3,"574":3,"581":0,"591":27,"592":27,"599":11,"600":11,"601":11,"608":3,"615":0,"622":0,"624":0,"625":0,"634":0,"641":0,"642":0,"644":0,"649":0,"656":0,"658":0,"665":0,"672":0,"684":0,"686":0,"697":0,"709":0,"710":0,"737":0,"738":0,"750":32,"761":0,"762":0,"763":0,"777":12,"789":12,"790":12,"809":12,"810":12,"812":12,"814":12,"815":12,"817":12,"831":0,"833":0,"836":0,"838":0,"839":0,"841":0,"860":0,"861":0,"863":0,"866":0,"868":0,"869":0,"870":0,"872":0,"881":0,"882":0,"895":0,"896":0,"897":0,"916":12,"917":0,"918":0,"920":0,"921":0,"923":0,"929":12,"977":3,"984":51,"991":51,"992":51,"1003":0,"1011":0,"1012":0,"1020":3,"1021":3,"1022":3,"1045":14,"1049":38,"1055":0,"1056":0,"1057":0,"1063":0,"1085":0,"1098":0,"1110":0,"1127":0,"1139":0,"1156":0,"1170":0,"1184":0,"1198":0,"1214":0,"1235":0,"1258":0,"1284":0,"1298":74,"1299":0,"1300":0,"1301":0,"1309":74,"1311":74,"1319":3,"1320":3,"1321":3,"1351":3,"1355":3,"1367":0,"1371":3,"1372":3,"1375":3,"1390":0,"1430":0,"1436":0,"1442":0,"1444":0,"1451":0,"1454":0,"1456":0,"1464":0,"1476":0,"1486":0,"1487":0,"1587":3,"1588":3,"1589":3,"1591":3,"1593":3,"1594":3,"1595":3,"1596":3,"1597":3,"1598":3,"1600":3,"1602":3,"1603":3,"1604":3,"1605":3,"1607":3,"1608":3,"1609":3,"1610":3,"1612":3,"1613":3,"1614":3,"1615":3,"1617":3,"1619":3,"1623":9,"1624":9,"1625":9,"1626":3,"1635":45,"1636":45,"1637":45,"1638":45,"1645":14,"1646":14,"1648":12,"1649":12,"1651":12,"1652":12,"1653":12,"1654":12,"1655":12,"1656":30,"1657":0,"1659":30,"1660":12,"1661":18,"1664":12,"1666":12,"1667":0,"1669":12,"1670":12,"1672":12,"1673":12,"1674":12,"1678":12,"1679":12,"1682":12,"1684":12,"1686":12,"1694":9,"1696":7,"1697":7,"1698":3,"1699":1,"1701":5,"1702":5,"1703":14,"1705":3,"1706":1,"1707":1,"1708":1,"1709":1,"1718":0,"1732":12,"1733":0,"1734":0,"1737":0,"1739":12,"1740":5,"1742":12,"1744":0,"1745":0,"1746":0,"1749":0,"1750":0,"1761":2,"1768":0,"1777":0,"1785":14,"1787":14,"1789":8,"1790":8,"1792":0,"1801":0,"1802":0,"1805":0,"1817":74,"1825":24,"1826":12,"1829":24,"1830":24,"1838":2,"1846":2,"1854":6,"1855":6,"1856":6,"1857":6,"1858":6,"1860":6,"1868":1,"1869":1,"1877":1,"1878":1},"path":"E:\\MyGitHub\\FlokiNFT\\contracts\\FlokiNFT.sol","s":{"1":12,"2":12,"3":0,"4":0,"5":0,"6":0,"7":0,"8":0,"9":0,"10":0,"11":0,"12":0,"13":0,"14":0,"15":0,"16":0,"17":0,"18":0,"19":0,"20":0,"21":0,"22":0,"23":0,"24":0,"25":0,"26":0,"27":0,"28":0,"29":0,"30":0,"31":0,"32":0,"33":0,"34":0,"35":0,"36":0,"37":0,"38":0,"39":0,"40":0,"41":0,"42":0,"43":0,"44":0,"45":0,"46":0,"47":0,"48":0,"49":0,"50":0,"51":0,"52":0,"53":0,"54":0,"55":3,"56":3,"57":0,"58":27,"59":27,"60":11,"61":11,"62":11,"63":3,"64":0,"65":0,"66":0,"67":0,"68":0,"69":0,"70":0,"71":0,"72":0,"73":0,"74":0,"75":0,"76":0,"77":0,"78":0,"79":0,"80":0,"81":0,"82":0,"83":0,"84":32,"85":0,"86":0,"87":0,"88":12,"89":12,"90":12,"91":12,"92":12,"93":12,"94":12,"95":12,"96":12,"97":0,"98":0,"99":0,"100":0,"101":0,"102":0,"103":0,"104":0,"105":0,"106":0,"107":0,"108":0,"109":0,"110":0,"111":0,"112":0,"113":0,"114":0,"115":12,"116":0,"117":0,"118":0,"119":0,"120":12,"121":3,"122":51,"123":51,"124":0,"125":0,"126":0,"127":3,"128":3,"129":3,"130":14,"131":0,"132":0,"133":0,"134":0,"135":0,"136":0,"137":0,"138":0,"139":74,"140":0,"141":0,"142":74,"143":74,"144":3,"145":3,"146":3,"147":3,"148":0,"149":3,"150":3,"151":0,"152":0,"153":0,"154":0,"155":0,"156":0,"157":0,"158":0,"159":0,"160":0,"161":0,"162":0,"163":3,"164":3,"165":3,"166":3,"167":3,"168":3,"169":3,"170":3,"171":3,"172":3,"173":3,"174":3,"175":3,"176":3,"177":3,"178":3,"179":3,"180":3,"181":3,"182":3,"183":3,"184":3,"185":3,"186":3,"187":3,"188":9,"189":9,"190":3,"191":45,"192":45,"193":45,"194":45,"195":14,"196":14,"197":12,"198":12,"199":12,"200":12,"201":12,"202":12,"203":12,"204":30,"205":30,"206":18,"207":12,"208":12,"209":0,"210":12,"211":12,"212":12,"213":12,"214":12,"215":12,"216":12,"217":12,"218":12,"219":9,"220":7,"221":7,"222":3,"223":1,"224":5,"225":5,"226":14,"227":3,"228":1,"229":1,"230":1,"231":1,"232":0,"233":12,"234":0,"235":0,"236":0,"237":12,"238":12,"239":5,"240":12,"241":0,"242":0,"243":0,"244":0,"245":0,"246":2,"247":0,"248":0,"249":14,"250":14,"251":6,"252":8,"253":8,"254":0,"255":0,"256":0,"257":0,"258":74,"259":24,"260":12,"261":24,"262":24,"263":2,"264":2,"265":6,"266":6,"267":6,"268":6,"269":6,"270":6,"271":1,"272":1,"273":1,"274":1},"b":{"1":[0,0],"2":[0,0],"3":[0,0],"4":[0,0],"5":[0,0],"6":[0,0],"7":[0,0],"8":[0,0],"9":[0,0],"10":[0,0],"11":[0,0],"12":[27,0],"13":[11,0],"14":[0,0],"15":[0,0],"16":[0,0],"17":[0,0],"18":[0,0],"19":[0,0],"20":[0,0],"21":[0,0],"22":[12,0],"23":[12,0],"24":[12,0],"25":[0,0],"26":[0,0],"27":[0,0],"28":[0,12],"29":[0,0],"30":[51,0],"31":[0,0],"32":[0,0],"33":[0,74],"34":[3,0],"35":[0,0],"36":[0,0],"37":[0,0],"38":[9,0],"39":[45,0],"40":[12,2],"41":[12,0],"42":[0,30],"43":[12,18],"44":[12,0],"45":[0,12],"46":[12,0],"47":[12,0],"48":[7,2],"49":[3,4],"50":[1,2],"51":[1,2],"52":[0,12],"53":[0,0],"54":[12,0],"55":[5,7],"56":[0,0],"57":[0,0],"58":[0,0],"59":[14,0],"60":[6,8],"61":[8,0],"62":[0,0],"63":[12,12],"64":[6,0],"65":[6,0],"66":[6,0]},"f":{"1":12,"2":0,"3":0,"4":0,"5":0,"6":0,"7":0,"8":0,"9":0,"10":0,"11":0,"12":0,"13":0,"14":0,"15":0,"16":0,"17":0,"18":3,"19":0,"20":27,"21":11,"22":3,"23":0,"24":0,"25":0,"26":0,"27":0,"28":0,"29":0,"30":0,"31":0,"32":0,"33":0,"34":32,"35":0,"36":12,"37":12,"38":12,"39":0,"40":0,"41":0,"42":0,"43":12,"44":0,"45":3,"46":51,"47":51,"48":0,"49":0,"50":3,"51":14,"52":38,"53":0,"54":0,"55":0,"56":0,"57":0,"58":0,"59":0,"60":0,"61":0,"62":0,"63":0,"64":0,"65":0,"66":0,"67":0,"68":74,"69":3,"70":3,"71":3,"72":0,"73":3,"74":0,"75":0,"76":0,"77":0,"78":0,"79":3,"80":9,"81":45,"82":14,"83":9,"84":0,"85":12,"86":2,"87":0,"88":0,"89":14,"90":0,"91":74,"92":24,"93":2,"94":2,"95":6,"96":1,"97":1},"fnMap":{"1":{"name":"isContract","line":236,"loc":{"start":{"line":236,"column":4},"end":{"line":246,"column":4}}},"2":{"name":"sendValue","line":264,"loc":{"start":{"line":264,"column":4},"end":{"line":269,"column":4}}},"3":{"name":"functionCall","line":289,"loc":{"start":{"line":289,"column":4},"end":{"line":291,"column":4}}},"4":{"name":"functionCall","line":299,"loc":{"start":{"line":299,"column":4},"end":{"line":305,"column":4}}},"5":{"name":"functionCallWithValue","line":318,"loc":{"start":{"line":318,"column":4},"end":{"line":324,"column":4}}},"6":{"name":"functionCallWithValue","line":332,"loc":{"start":{"line":332,"column":4},"end":{"line":343,"column":4}}},"7":{"name":"functionStaticCall","line":351,"loc":{"start":{"line":351,"column":4},"end":{"line":353,"column":4}}},"8":{"name":"functionStaticCall","line":361,"loc":{"start":{"line":361,"column":4},"end":{"line":370,"column":4}}},"9":{"name":"functionDelegateCall","line":378,"loc":{"start":{"line":378,"column":4},"end":{"line":380,"column":4}}},"10":{"name":"functionDelegateCall","line":388,"loc":{"start":{"line":388,"column":4},"end":{"line":397,"column":4}}},"11":{"name":"verifyCallResult","line":405,"loc":{"start":{"line":405,"column":4},"end":{"line":425,"column":4}}},"12":{"name":"_msgSender","line":441,"loc":{"start":{"line":441,"column":4},"end":{"line":443,"column":4}}},"13":{"name":"_msgData","line":445,"loc":{"start":{"line":445,"column":4},"end":{"line":447,"column":4}}},"14":{"name":"toString","line":461,"loc":{"start":{"line":461,"column":4},"end":{"line":481,"column":4}}},"15":{"name":"toHexString","line":486,"loc":{"start":{"line":486,"column":4},"end":{"line":497,"column":4}}},"16":{"name":"toHexString","line":502,"loc":{"start":{"line":502,"column":4},"end":{"line":512,"column":4}}},"17":{"name":"supportsInterface","line":535,"loc":{"start":{"line":535,"column":4},"end":{"line":537,"column":4}}},"18":{"name":"constructor","line":572,"loc":{"start":{"line":572,"column":4},"end":{"line":575,"column":4}}},"19":{"name":"supportsInterface","line":580,"loc":{"start":{"line":580,"column":4},"end":{"line":585,"column":4}}},"20":{"name":"balanceOf","line":590,"loc":{"start":{"line":590,"column":4},"end":{"line":593,"column":4}}},"21":{"name":"ownerOf","line":598,"loc":{"start":{"line":598,"column":4},"end":{"line":602,"column":4}}},"22":{"name":"name","line":607,"loc":{"start":{"line":607,"column":4},"end":{"line":609,"column":4}}},"23":{"name":"symbol","line":614,"loc":{"start":{"line":614,"column":4},"end":{"line":616,"column":4}}},"24":{"name":"tokenURI","line":621,"loc":{"start":{"line":621,"column":4},"end":{"line":626,"column":4}}},"25":{"name":"_baseURI","line":633,"loc":{"start":{"line":633,"column":4},"end":{"line":635,"column":4}}},"26":{"name":"approve","line":640,"loc":{"start":{"line":640,"column":4},"end":{"line":650,"column":4}}},"27":{"name":"getApproved","line":655,"loc":{"start":{"line":655,"column":4},"end":{"line":659,"column":4}}},"28":{"name":"setApprovalForAll","line":664,"loc":{"start":{"line":664,"column":4},"end":{"line":666,"column":4}}},"29":{"name":"isApprovedForAll","line":671,"loc":{"start":{"line":671,"column":4},"end":{"line":673,"column":4}}},"30":{"name":"transferFrom","line":678,"loc":{"start":{"line":678,"column":4},"end":{"line":687,"column":4}}},"31":{"name":"safeTransferFrom","line":692,"loc":{"start":{"line":692,"column":4},"end":{"line":698,"column":4}}},"32":{"name":"safeTransferFrom","line":703,"loc":{"start":{"line":703,"column":4},"end":{"line":711,"column":4}}},"33":{"name":"_safeTransfer","line":731,"loc":{"start":{"line":731,"column":4},"end":{"line":739,"column":4}}},"34":{"name":"_exists","line":749,"loc":{"start":{"line":749,"column":4},"end":{"line":751,"column":4}}},"35":{"name":"_isApprovedOrOwner","line":760,"loc":{"start":{"line":760,"column":4},"end":{"line":764,"column":4}}},"36":{"name":"_safeMint","line":776,"loc":{"start":{"line":776,"column":4},"end":{"line":778,"column":4}}},"37":{"name":"_safeMint","line":784,"loc":{"start":{"line":784,"column":4},"end":{"line":794,"column":4}}},"38":{"name":"_mint","line":808,"loc":{"start":{"line":808,"column":4},"end":{"line":818,"column":4}}},"39":{"name":"_burn","line":830,"loc":{"start":{"line":830,"column":4},"end":{"line":842,"column":4}}},"40":{"name":"_transfer","line":855,"loc":{"start":{"line":855,"column":4},"end":{"line":873,"column":4}}},"41":{"name":"_approve","line":880,"loc":{"start":{"line":880,"column":4},"end":{"line":883,"column":4}}},"42":{"name":"_setApprovalForAll","line":890,"loc":{"start":{"line":890,"column":4},"end":{"line":898,"column":4}}},"43":{"name":"_checkOnBEP721Received","line":910,"loc":{"start":{"line":910,"column":4},"end":{"line":931,"column":4}}},"44":{"name":"_beforeTokenTransfer","line":947,"loc":{"start":{"line":947,"column":4},"end":{"line":951,"column":24}}},"45":{"name":"constructor","line":976,"loc":{"start":{"line":976,"column":4},"end":{"line":978,"column":4}}},"46":{"name":"owner","line":983,"loc":{"start":{"line":983,"column":4},"end":{"line":985,"column":4}}},"47":{"name":"onlyOwner","line":990,"loc":{"start":{"line":990,"column":4},"end":{"line":993,"column":4}}},"48":{"name":"renounceOwnership","line":1002,"loc":{"start":{"line":1002,"column":4},"end":{"line":1004,"column":4}}},"49":{"name":"transferOwnership","line":1010,"loc":{"start":{"line":1010,"column":4},"end":{"line":1013,"column":4}}},"50":{"name":"_transferOwnership","line":1019,"loc":{"start":{"line":1019,"column":4},"end":{"line":1023,"column":4}}},"51":{"name":"current","line":1044,"loc":{"start":{"line":1044,"column":4},"end":{"line":1046,"column":4}}},"52":{"name":"increment","line":1048,"loc":{"start":{"line":1048,"column":4},"end":{"line":1052,"column":4}}},"53":{"name":"decrement","line":1054,"loc":{"start":{"line":1054,"column":4},"end":{"line":1060,"column":4}}},"54":{"name":"reset","line":1062,"loc":{"start":{"line":1062,"column":4},"end":{"line":1064,"column":4}}},"55":{"name":"tryAdd","line":1084,"loc":{"start":{"line":1084,"column":4},"end":{"line":1090,"column":4}}},"56":{"name":"trySub","line":1097,"loc":{"start":{"line":1097,"column":4},"end":{"line":1102,"column":4}}},"57":{"name":"tryMul","line":1109,"loc":{"start":{"line":1109,"column":4},"end":{"line":1119,"column":4}}},"58":{"name":"tryDiv","line":1126,"loc":{"start":{"line":1126,"column":4},"end":{"line":1131,"column":4}}},"59":{"name":"tryMod","line":1138,"loc":{"start":{"line":1138,"column":4},"end":{"line":1143,"column":4}}},"60":{"name":"add","line":1155,"loc":{"start":{"line":1155,"column":4},"end":{"line":1157,"column":4}}},"61":{"name":"sub","line":1169,"loc":{"start":{"line":1169,"column":4},"end":{"line":1171,"column":4}}},"62":{"name":"mul","line":1183,"loc":{"start":{"line":1183,"column":4},"end":{"line":1185,"column":4}}},"63":{"name":"div","line":1197,"loc":{"start":{"line":1197,"column":4},"end":{"line":1199,"column":4}}},"64":{"name":"mod","line":1213,"loc":{"start":{"line":1213,"column":4},"end":{"line":1215,"column":4}}},"65":{"name":"sub","line":1230,"loc":{"start":{"line":1230,"column":4},"end":{"line":1239,"column":4}}},"66":{"name":"div","line":1253,"loc":{"start":{"line":1253,"column":4},"end":{"line":1262,"column":4}}},"67":{"name":"mod","line":1279,"loc":{"start":{"line":1279,"column":4},"end":{"line":1288,"column":4}}},"68":{"name":"msgSender","line":1293,"loc":{"start":{"line":1293,"column":4},"end":{"line":1312,"column":4}}},"69":{"name":"initializer","line":1318,"loc":{"start":{"line":1318,"column":4},"end":{"line":1322,"column":4}}},"70":{"name":"_initializeEIP712","line":1349,"loc":{"start":{"line":1345,"column":4},"end":{"line":1352,"column":4}}},"71":{"name":"_setDomainSeperator","line":1354,"loc":{"start":{"line":1354,"column":4},"end":{"line":1364,"column":4}}},"72":{"name":"getDomainSeperator","line":1366,"loc":{"start":{"line":1366,"column":4},"end":{"line":1368,"column":4}}},"73":{"name":"getChainId","line":1370,"loc":{"start":{"line":1370,"column":4},"end":{"line":1376,"column":4}}},"74":{"name":"toTypedMessageHash","line":1385,"loc":{"start":{"line":1385,"column":4},"end":{"line":1394,"column":4}}},"75":{"name":"executeMetaTransaction","line":1423,"loc":{"start":{"line":1423,"column":4},"end":{"line":1457,"column":4}}},"76":{"name":"hashMetaTransaction","line":1459,"loc":{"start":{"line":1459,"column":4},"end":{"line":1473,"column":4}}},"77":{"name":"getNonce","line":1475,"loc":{"start":{"line":1475,"column":4},"end":{"line":1477,"column":4}}},"78":{"name":"verify","line":1479,"loc":{"start":{"line":1479,"column":4},"end":{"line":1495,"column":4}}},"79":{"name":"constructor","line":1585,"loc":{"start":{"line":1585,"column":4},"end":{"line":1620,"column":4}}},"80":{"name":"nonReentrant","line":1622,"loc":{"start":{"line":1622,"column":4},"end":{"line":1627,"column":4}}},"81":{"name":"registerMetadata","line":1634,"loc":{"start":{"line":1634,"column":4},"end":{"line":1639,"column":4}}},"82":{"name":"mint","line":1644,"loc":{"start":{"line":1644,"column":4},"end":{"line":1687,"column":4}}},"83":{"name":"batchMint","line":1693,"loc":{"start":{"line":1693,"column":4},"end":{"line":1711,"column":4}}},"84":{"name":"burn","line":1717,"loc":{"start":{"line":1717,"column":4},"end":{"line":1719,"column":4}}},"85":{"name":"_beforeTokenTransfer","line":1727,"loc":{"start":{"line":1727,"column":4},"end":{"line":1754,"column":4}}},"86":{"name":"totalSupply","line":1760,"loc":{"start":{"line":1760,"column":4},"end":{"line":1762,"column":4}}},"87":{"name":"totalHolders","line":1767,"loc":{"start":{"line":1767,"column":4},"end":{"line":1769,"column":4}}},"88":{"name":"_baseURI","line":1776,"loc":{"start":{"line":1776,"column":4},"end":{"line":1778,"column":4}}},"89":{"name":"tokenURI","line":1784,"loc":{"start":{"line":1784,"column":4},"end":{"line":1794,"column":4}}},"90":{"name":"hasBurnt","line":1800,"loc":{"start":{"line":1800,"column":4},"end":{"line":1806,"column":4}}},"91":{"name":"_msgSender","line":1811,"loc":{"start":{"line":1811,"column":4},"end":{"line":1818,"column":4}}},"92":{"name":"random","line":1824,"loc":{"start":{"line":1824,"column":4},"end":{"line":1831,"column":4}}},"93":{"name":"setMaxMintCountPerTransaction","line":1837,"loc":{"start":{"line":1837,"column":5},"end":{"line":1839,"column":5}}},"94":{"name":"setMaxMintCountPerAccount","line":1845,"loc":{"start":{"line":1845,"column":5},"end":{"line":1847,"column":5}}},"95":{"name":"reveal","line":1853,"loc":{"start":{"line":1853,"column":5},"end":{"line":1861,"column":5}}},"96":{"name":"setMintFee","line":1867,"loc":{"start":{"line":1867,"column":5},"end":{"line":1870,"column":5}}},"97":{"name":"setMintFeeRecipient","line":1876,"loc":{"start":{"line":1876,"column":5},"end":{"line":1879,"column":5}}}},"statementMap":{"1":{"start":{"line":241,"column":8},"end":{"line":241,"column":20}},"2":{"start":{"line":245,"column":8},"end":{"line":245,"column":23}},"3":{"start":{"line":265,"column":8},"end":{"line":265,"column":80}},"4":{"start":{"line":267,"column":8},"end":{"line":267,"column":60}},"5":{"start":{"line":268,"column":8},"end":{"line":268,"column":85}},"6":{"start":{"line":290,"column":8},"end":{"line":290,"column":75}},"7":{"start":{"line":304,"column":8},"end":{"line":304,"column":67}},"8":{"start":{"line":323,"column":8},"end":{"line":323,"column":102}},"9":{"start":{"line":338,"column":8},"end":{"line":338,"column":88}},"10":{"start":{"line":339,"column":8},"end":{"line":339,"column":67}},"11":{"start":{"line":341,"column":8},"end":{"line":341,"column":81}},"12":{"start":{"line":342,"column":8},"end":{"line":342,"column":66}},"13":{"start":{"line":352,"column":8},"end":{"line":352,"column":88}},"14":{"start":{"line":366,"column":8},"end":{"line":366,"column":74}},"15":{"start":{"line":368,"column":8},"end":{"line":368,"column":73}},"16":{"start":{"line":369,"column":8},"end":{"line":369,"column":66}},"17":{"start":{"line":379,"column":8},"end":{"line":379,"column":92}},"18":{"start":{"line":393,"column":8},"end":{"line":393,"column":76}},"19":{"start":{"line":395,"column":8},"end":{"line":395,"column":75}},"20":{"start":{"line":396,"column":8},"end":{"line":396,"column":66}},"21":{"start":{"line":410,"column":8},"end":{"line":410,"column":14407}},"22":{"start":{"line":411,"column":12},"end":{"line":411,"column":29}},"23":{"start":{"line":414,"column":12},"end":{"line":414,"column":14552}},"24":{"start":{"line":422,"column":16},"end":{"line":422,"column":35}},"25":{"start":{"line":442,"column":8},"end":{"line":442,"column":25}},"26":{"start":{"line":446,"column":8},"end":{"line":446,"column":23}},"27":{"start":{"line":465,"column":8},"end":{"line":465,"column":16261}},"28":{"start":{"line":466,"column":12},"end":{"line":466,"column":22}},"29":{"start":{"line":468,"column":8},"end":{"line":468,"column":28}},"30":{"start":{"line":469,"column":8},"end":{"line":469,"column":22}},"31":{"start":{"line":470,"column":8},"end":{"line":470,"column":16375}},"32":{"start":{"line":472,"column":12},"end":{"line":472,"column":21}},"33":{"start":{"line":474,"column":8},"end":{"line":474,"column":47}},"34":{"start":{"line":475,"column":8},"end":{"line":475,"column":16508}},"35":{"start":{"line":476,"column":12},"end":{"line":476,"column":22}},"36":{"start":{"line":477,"column":12},"end":{"line":477,"column":67}},"37":{"start":{"line":478,"column":12},"end":{"line":478,"column":22}},"38":{"start":{"line":480,"column":8},"end":{"line":480,"column":29}},"39":{"start":{"line":487,"column":8},"end":{"line":487,"column":16884}},"40":{"start":{"line":488,"column":12},"end":{"line":488,"column":25}},"41":{"start":{"line":490,"column":8},"end":{"line":490,"column":28}},"42":{"start":{"line":491,"column":8},"end":{"line":491,"column":26}},"43":{"start":{"line":492,"column":8},"end":{"line":492,"column":17005}},"44":{"start":{"line":494,"column":12},"end":{"line":494,"column":21}},"45":{"start":{"line":496,"column":8},"end":{"line":496,"column":41}},"46":{"start":{"line":503,"column":8},"end":{"line":503,"column":55}},"47":{"start":{"line":504,"column":8},"end":{"line":504,"column":22}},"48":{"start":{"line":505,"column":8},"end":{"line":505,"column":22}},"49":{"start":{"line":506,"column":8},"end":{"line":506,"column":17459}},"50":{"start":{"line":507,"column":12},"end":{"line":507,"column":48}},"51":{"start":{"line":508,"column":12},"end":{"line":508,"column":22}},"52":{"start":{"line":510,"column":8},"end":{"line":510,"column":62}},"53":{"start":{"line":511,"column":8},"end":{"line":511,"column":29}},"54":{"start":{"line":536,"column":8},"end":{"line":536,"column":55}},"55":{"start":{"line":573,"column":8},"end":{"line":573,"column":20}},"56":{"start":{"line":574,"column":8},"end":{"line":574,"column":24}},"57":{"start":{"line":581,"column":8},"end":{"line":581,"column":20010}},"58":{"start":{"line":591,"column":8},"end":{"line":591,"column":81}},"59":{"start":{"line":592,"column":8},"end":{"line":592,"column":31}},"60":{"start":{"line":599,"column":8},"end":{"line":599,"column":40}},"61":{"start":{"line":600,"column":8},"end":{"line":600,"column":80}},"62":{"start":{"line":601,"column":8},"end":{"line":601,"column":20}},"63":{"start":{"line":608,"column":8},"end":{"line":608,"column":20}},"64":{"start":{"line":615,"column":8},"end":{"line":615,"column":22}},"65":{"start":{"line":622,"column":8},"end":{"line":622,"column":83}},"66":{"start":{"line":624,"column":8},"end":{"line":624,"column":42}},"67":{"start":{"line":625,"column":8},"end":{"line":625,"column":101}},"68":{"start":{"line":634,"column":8},"end":{"line":634,"column":17}},"69":{"start":{"line":641,"column":8},"end":{"line":641,"column":47}},"70":{"start":{"line":642,"column":8},"end":{"line":642,"column":64}},"71":{"start":{"line":644,"column":8},"end":{"line":644,"column":22016}},"72":{"start":{"line":649,"column":8},"end":{"line":649,"column":28}},"73":{"start":{"line":656,"column":8},"end":{"line":656,"column":80}},"74":{"start":{"line":658,"column":8},"end":{"line":658,"column":39}},"75":{"start":{"line":665,"column":8},"end":{"line":665,"column":59}},"76":{"start":{"line":672,"column":8},"end":{"line":672,"column":50}},"77":{"start":{"line":684,"column":8},"end":{"line":684,"column":110}},"78":{"start":{"line":686,"column":8},"end":{"line":686,"column":35}},"79":{"start":{"line":697,"column":8},"end":{"line":697,"column":46}},"80":{"start":{"line":709,"column":8},"end":{"line":709,"column":110}},"81":{"start":{"line":710,"column":8},"end":{"line":710,"column":46}},"82":{"start":{"line":737,"column":8},"end":{"line":737,"column":35}},"83":{"start":{"line":738,"column":8},"end":{"line":738,"column":118}},"84":{"start":{"line":750,"column":8},"end":{"line":750,"column":45}},"85":{"start":{"line":761,"column":8},"end":{"line":761,"column":80}},"86":{"start":{"line":762,"column":8},"end":{"line":762,"column":47}},"87":{"start":{"line":763,"column":8},"end":{"line":763,"column":104}},"88":{"start":{"line":777,"column":8},"end":{"line":777,"column":33}},"89":{"start":{"line":789,"column":8},"end":{"line":789,"column":25}},"90":{"start":{"line":790,"column":8},"end":{"line":790,"column":26880}},"91":{"start":{"line":809,"column":8},"end":{"line":809,"column":68}},"92":{"start":{"line":810,"column":8},"end":{"line":810,"column":65}},"93":{"start":{"line":812,"column":8},"end":{"line":812,"column":52}},"94":{"start":{"line":814,"column":8},"end":{"line":814,"column":25}},"95":{"start":{"line":815,"column":8},"end":{"line":815,"column":28}},"96":{"start":{"line":817,"column":8},"end":{"line":817,"column":46}},"97":{"start":{"line":831,"column":8},"end":{"line":831,"column":47}},"98":{"start":{"line":833,"column":8},"end":{"line":833,"column":55}},"99":{"start":{"line":836,"column":8},"end":{"line":836,"column":36}},"100":{"start":{"line":838,"column":8},"end":{"line":838,"column":28}},"101":{"start":{"line":841,"column":8},"end":{"line":841,"column":49}},"102":{"start":{"line":860,"column":8},"end":{"line":860,"column":92}},"103":{"start":{"line":861,"column":8},"end":{"line":861,"column":72}},"104":{"start":{"line":863,"column":8},"end":{"line":863,"column":46}},"105":{"start":{"line":866,"column":8},"end":{"line":866,"column":36}},"106":{"start":{"line":868,"column":8},"end":{"line":868,"column":27}},"107":{"start":{"line":869,"column":8},"end":{"line":869,"column":25}},"108":{"start":{"line":870,"column":8},"end":{"line":870,"column":28}},"109":{"start":{"line":872,"column":8},"end":{"line":872,"column":40}},"110":{"start":{"line":881,"column":8},"end":{"line":881,"column":36}},"111":{"start":{"line":882,"column":8},"end":{"line":882,"column":59}},"112":{"start":{"line":895,"column":8},"end":{"line":895,"column":62}},"113":{"start":{"line":896,"column":8},"end":{"line":896,"column":53}},"114":{"start":{"line":897,"column":8},"end":{"line":897,"column":54}},"115":{"start":{"line":916,"column":8},"end":{"line":916,"column":30624}},"116":{"start":{"line":917,"column":12},"end":{"line":917,"column":30663}},"117":{"start":{"line":918,"column":16},"end":{"line":918,"column":74}},"118":{"start":{"line":920,"column":16},"end":{"line":920,"column":30906}},"119":{"start":{"line":921,"column":20},"end":{"line":921,"column":79}},"120":{"start":{"line":929,"column":12},"end":{"line":929,"column":23}},"121":{"start":{"line":977,"column":8},"end":{"line":977,"column":39}},"122":{"start":{"line":984,"column":8},"end":{"line":984,"column":21}},"123":{"start":{"line":991,"column":8},"end":{"line":991,"column":75}},"124":{"start":{"line":1003,"column":8},"end":{"line":1003,"column":37}},"125":{"start":{"line":1011,"column":8},"end":{"line":1011,"column":80}},"126":{"start":{"line":1012,"column":8},"end":{"line":1012,"column":35}},"127":{"start":{"line":1020,"column":8},"end":{"line":1020,"column":33}},"128":{"start":{"line":1021,"column":8},"end":{"line":1021,"column":24}},"129":{"start":{"line":1022,"column":8},"end":{"line":1022,"column":53}},"130":{"start":{"line":1045,"column":8},"end":{"line":1045,"column":29}},"131":{"start":{"line":1055,"column":8},"end":{"line":1055,"column":38}},"132":{"start":{"line":1056,"column":8},"end":{"line":1056,"column":56}},"133":{"start":{"line":1063,"column":8},"end":{"line":1063,"column":25}},"134":{"start":{"line":1156,"column":8},"end":{"line":1156,"column":20}},"135":{"start":{"line":1170,"column":8},"end":{"line":1170,"column":20}},"136":{"start":{"line":1184,"column":8},"end":{"line":1184,"column":20}},"137":{"start":{"line":1198,"column":8},"end":{"line":1198,"column":20}},"138":{"start":{"line":1214,"column":8},"end":{"line":1214,"column":20}},"139":{"start":{"line":1298,"column":8},"end":{"line":1298,"column":42477}},"140":{"start":{"line":1299,"column":12},"end":{"line":1299,"column":41}},"141":{"start":{"line":1300,"column":12},"end":{"line":1300,"column":43}},"142":{"start":{"line":1309,"column":12},"end":{"line":1309,"column":39}},"143":{"start":{"line":1311,"column":8},"end":{"line":1311,"column":21}},"144":{"start":{"line":1319,"column":8},"end":{"line":1319,"column":41}},"145":{"start":{"line":1321,"column":8},"end":{"line":1321,"column":20}},"146":{"start":{"line":1351,"column":8},"end":{"line":1351,"column":32}},"147":{"start":{"line":1355,"column":8},"end":{"line":1355,"column":44039}},"148":{"start":{"line":1367,"column":8},"end":{"line":1367,"column":30}},"149":{"start":{"line":1371,"column":8},"end":{"line":1371,"column":18}},"150":{"start":{"line":1375,"column":8},"end":{"line":1375,"column":17}},"151":{"start":{"line":1390,"column":8},"end":{"line":1390,"column":45071}},"152":{"start":{"line":1430,"column":8},"end":{"line":1430,"column":46219}},"153":{"start":{"line":1436,"column":8},"end":{"line":1436,"column":46408}},"154":{"start":{"line":1442,"column":8},"end":{"line":1442,"column":55}},"155":{"start":{"line":1444,"column":8},"end":{"line":1444,"column":46657}},"156":{"start":{"line":1451,"column":8},"end":{"line":1451,"column":46891}},"157":{"start":{"line":1454,"column":8},"end":{"line":1454,"column":55}},"158":{"start":{"line":1456,"column":8},"end":{"line":1456,"column":25}},"159":{"start":{"line":1464,"column":8},"end":{"line":1464,"column":47256}},"160":{"start":{"line":1476,"column":8},"end":{"line":1476,"column":27}},"161":{"start":{"line":1486,"column":8},"end":{"line":1486,"column":77}},"162":{"start":{"line":1487,"column":8},"end":{"line":1487,"column":47907}},"163":{"start":{"line":1587,"column":8},"end":{"line":1587,"column":31}},"164":{"start":{"line":1588,"column":8},"end":{"line":1588,"column":30}},"165":{"start":{"line":1589,"column":8},"end":{"line":1589,"column":31}},"166":{"start":{"line":1591,"column":8},"end":{"line":1591,"column":32}},"167":{"start":{"line":1593,"column":8},"end":{"line":1593,"column":53}},"168":{"start":{"line":1594,"column":8},"end":{"line":1594,"column":52}},"169":{"start":{"line":1595,"column":8},"end":{"line":1595,"column":50}},"170":{"start":{"line":1596,"column":8},"end":{"line":1596,"column":52}},"171":{"start":{"line":1597,"column":8},"end":{"line":1597,"column":55}},"172":{"start":{"line":1598,"column":8},"end":{"line":1598,"column":49}},"173":{"start":{"line":1600,"column":8},"end":{"line":1600,"column":117}},"174":{"start":{"line":1602,"column":8},"end":{"line":1602,"column":116}},"175":{"start":{"line":1603,"column":8},"end":{"line":1603,"column":116}},"176":{"start":{"line":1604,"column":8},"end":{"line":1604,"column":116}},"177":{"start":{"line":1605,"column":8},"end":{"line":1605,"column":116}},"178":{"start":{"line":1607,"column":8},"end":{"line":1607,"column":114}},"179":{"start":{"line":1608,"column":8},"end":{"line":1608,"column":114}},"180":{"start":{"line":1609,"column":8},"end":{"line":1609,"column":114}},"181":{"start":{"line":1610,"column":8},"end":{"line":1610,"column":114}},"182":{"start":{"line":1612,"column":8},"end":{"line":1612,"column":116}},"183":{"start":{"line":1613,"column":8},"end":{"line":1613,"column":116}},"184":{"start":{"line":1614,"column":8},"end":{"line":1614,"column":116}},"185":{"start":{"line":1615,"column":8},"end":{"line":1615,"column":116}},"186":{"start":{"line":1617,"column":8},"end":{"line":1617,"column":119}},"187":{"start":{"line":1619,"column":8},"end":{"line":1619,"column":115}},"188":{"start":{"line":1623,"column":8},"end":{"line":1623,"column":46}},"189":{"start":{"line":1624,"column":8},"end":{"line":1624,"column":23}},"190":{"start":{"line":1626,"column":8},"end":{"line":1626,"column":24}},"191":{"start":{"line":1635,"column":8},"end":{"line":1635,"column":47}},"192":{"start":{"line":1636,"column":8},"end":{"line":1636,"column":68}},"193":{"start":{"line":1637,"column":8},"end":{"line":1637,"column":27}},"194":{"start":{"line":1638,"column":8},"end":{"line":1638,"column":52}},"195":{"start":{"line":1645,"column":8},"end":{"line":1645,"column":34}},"196":{"start":{"line":1646,"column":8},"end":{"line":1646,"column":106}},"197":{"start":{"line":1648,"column":8},"end":{"line":1648,"column":55}},"198":{"start":{"line":1649,"column":8},"end":{"line":1649,"column":64}},"199":{"start":{"line":1651,"column":8},"end":{"line":1651,"column":35}},"200":{"start":{"line":1652,"column":8},"end":{"line":1652,"column":36}},"201":{"start":{"line":1653,"column":8},"end":{"line":1653,"column":17}},"202":{"start":{"line":1654,"column":8},"end":{"line":1654,"column":34}},"203":{"start":{"line":1655,"column":8},"end":{"line":1655,"column":55361}},"204":{"start":{"line":1656,"column":12},"end":{"line":1656,"column":55436}},"205":{"start":{"line":1659,"column":12},"end":{"line":1659,"column":55522}},"206":{"start":{"line":1661,"column":12},"end":{"line":1661,"column":47}},"207":{"start":{"line":1664,"column":8},"end":{"line":1664,"column":69}},"208":{"start":{"line":1666,"column":8},"end":{"line":1666,"column":55748}},"209":{"start":{"line":1667,"column":12},"end":{"line":1667,"column":48}},"210":{"start":{"line":1670,"column":8},"end":{"line":1670,"column":71}},"211":{"start":{"line":1672,"column":8},"end":{"line":1672,"column":27}},"212":{"start":{"line":1673,"column":8},"end":{"line":1673,"column":49}},"213":{"start":{"line":1674,"column":8},"end":{"line":1674,"column":55}},"214":{"start":{"line":1678,"column":8},"end":{"line":1678,"column":56206}},"215":{"start":{"line":1679,"column":12},"end":{"line":1679,"column":43}},"216":{"start":{"line":1682,"column":8},"end":{"line":1682,"column":31}},"217":{"start":{"line":1684,"column":8},"end":{"line":1684,"column":37}},"218":{"start":{"line":1686,"column":8},"end":{"line":1686,"column":36}},"219":{"start":{"line":1694,"column":8},"end":{"line":1694,"column":110}},"220":{"start":{"line":1696,"column":8},"end":{"line":1696,"column":34}},"221":{"start":{"line":1697,"column":8},"end":{"line":1697,"column":56753}},"222":{"start":{"line":1698,"column":12},"end":{"line":1698,"column":84}},"223":{"start":{"line":1699,"column":12},"end":{"line":1699,"column":60}},"224":{"start":{"line":1701,"column":8},"end":{"line":1701,"column":17}},"225":{"start":{"line":1702,"column":8},"end":{"line":1702,"column":57009}},"226":{"start":{"line":1703,"column":12},"end":{"line":1703,"column":17}},"227":{"start":{"line":1705,"column":8},"end":{"line":1705,"column":57065}},"228":{"start":{"line":1706,"column":12},"end":{"line":1706,"column":54}},"229":{"start":{"line":1707,"column":12},"end":{"line":1707,"column":60}},"230":{"start":{"line":1708,"column":12},"end":{"line":1708,"column":40}},"231":{"start":{"line":1709,"column":12},"end":{"line":1709,"column":46}},"232":{"start":{"line":1718,"column":8},"end":{"line":1718,"column":22}},"233":{"start":{"line":1732,"column":8},"end":{"line":1732,"column":57886}},"234":{"start":{"line":1733,"column":12},"end":{"line":1733,"column":57945}},"235":{"start":{"line":1734,"column":16},"end":{"line":1734,"column":38}},"236":{"start":{"line":1737,"column":12},"end":{"line":1737,"column":35}},"237":{"start":{"line":1738,"column":15},"end":{"line":1738,"column":58078}},"238":{"start":{"line":1739,"column":12},"end":{"line":1739,"column":58143}},"239":{"start":{"line":1740,"column":16},"end":{"line":1740,"column":38}},"240":{"start":{"line":1742,"column":12},"end":{"line":1742,"column":35}},"241":{"start":{"line":1744,"column":12},"end":{"line":1744,"column":58291}},"242":{"start":{"line":1745,"column":16},"end":{"line":1745,"column":58329}},"243":{"start":{"line":1746,"column":20},"end":{"line":1746,"column":42}},"244":{"start":{"line":1749,"column":16},"end":{"line":1749,"column":58437}},"245":{"start":{"line":1750,"column":20},"end":{"line":1750,"column":42}},"246":{"start":{"line":1761,"column":8},"end":{"line":1761,"column":41}},"247":{"start":{"line":1768,"column":8},"end":{"line":1768,"column":40}},"248":{"start":{"line":1777,"column":8},"end":{"line":1777,"column":22}},"249":{"start":{"line":1785,"column":8},"end":{"line":1785,"column":67}},"250":{"start":{"line":1787,"column":8},"end":{"line":1787,"column":44}},"251":{"start":{"line":1787,"column":35},"end":{"line":1787,"column":44}},"252":{"start":{"line":1789,"column":8},"end":{"line":1789,"column":59683}},"253":{"start":{"line":1790,"column":12},"end":{"line":1790,"column":39}},"254":{"start":{"line":1792,"column":12},"end":{"line":1792,"column":44}},"255":{"start":{"line":1801,"column":8},"end":{"line":1801,"column":60062}},"256":{"start":{"line":1802,"column":12},"end":{"line":1802,"column":24}},"257":{"start":{"line":1805,"column":8},"end":{"line":1805,"column":33}},"258":{"start":{"line":1817,"column":8},"end":{"line":1817,"column":39}},"259":{"start":{"line":1825,"column":8},"end":{"line":1825,"column":60707}},"260":{"start":{"line":1826,"column":12},"end":{"line":1826,"column":39}},"261":{"start":{"line":1829,"column":8},"end":{"line":1829,"column":158}},"262":{"start":{"line":1830,"column":8},"end":{"line":1830,"column":25}},"263":{"start":{"line":1838,"column":8},"end":{"line":1838,"column":38}},"264":{"start":{"line":1846,"column":8},"end":{"line":1846,"column":34}},"265":{"start":{"line":1854,"column":9},"end":{"line":1854,"column":36}},"266":{"start":{"line":1855,"column":9},"end":{"line":1855,"column":72}},"267":{"start":{"line":1856,"column":9},"end":{"line":1856,"column":83}},"268":{"start":{"line":1857,"column":3},"end":{"line":1857,"column":61}},"269":{"start":{"line":1858,"column":9},"end":{"line":1858,"column":35}},"270":{"start":{"line":1860,"column":9},"end":{"line":1860,"column":33}},"271":{"start":{"line":1868,"column":9},"end":{"line":1868,"column":34}},"272":{"start":{"line":1869,"column":9},"end":{"line":1869,"column":58}},"273":{"start":{"line":1877,"column":9},"end":{"line":1877,"column":39}},"274":{"start":{"line":1878,"column":9},"end":{"line":1878,"column":63}}},"branchMap":{"1":{"line":265,"type":"if","locations":[{"start":{"line":265,"column":8},"end":{"line":265,"column":8}},{"start":{"line":265,"column":8},"end":{"line":265,"column":8}}]},"2":{"line":268,"type":"if","locations":[{"start":{"line":268,"column":8},"end":{"line":268,"column":8}},{"start":{"line":268,"column":8},"end":{"line":268,"column":8}}]},"3":{"line":338,"type":"if","locations":[{"start":{"line":338,"column":8},"end":{"line":338,"column":8}},{"start":{"line":338,"column":8},"end":{"line":338,"column":8}}]},"4":{"line":339,"type":"if","locations":[{"start":{"line":339,"column":8},"end":{"line":339,"column":8}},{"start":{"line":339,"column":8},"end":{"line":339,"column":8}}]},"5":{"line":366,"type":"if","locations":[{"start":{"line":366,"column":8},"end":{"line":366,"column":8}},{"start":{"line":366,"column":8},"end":{"line":366,"column":8}}]},"6":{"line":393,"type":"if","locations":[{"start":{"line":393,"column":8},"end":{"line":393,"column":8}},{"start":{"line":393,"column":8},"end":{"line":393,"column":8}}]},"7":{"line":410,"type":"if","locations":[{"start":{"line":410,"column":8},"end":{"line":410,"column":8}},{"start":{"line":410,"column":8},"end":{"line":410,"column":8}}]},"8":{"line":414,"type":"if","locations":[{"start":{"line":414,"column":12},"end":{"line":414,"column":12}},{"start":{"line":414,"column":12},"end":{"line":414,"column":12}}]},"9":{"line":465,"type":"if","locations":[{"start":{"line":465,"column":8},"end":{"line":465,"column":8}},{"start":{"line":465,"column":8},"end":{"line":465,"column":8}}]},"10":{"line":487,"type":"if","locations":[{"start":{"line":487,"column":8},"end":{"line":487,"column":8}},{"start":{"line":487,"column":8},"end":{"line":487,"column":8}}]},"11":{"line":510,"type":"if","locations":[{"start":{"line":510,"column":8},"end":{"line":510,"column":8}},{"start":{"line":510,"column":8},"end":{"line":510,"column":8}}]},"12":{"line":591,"type":"if","locations":[{"start":{"line":591,"column":8},"end":{"line":591,"column":8}},{"start":{"line":591,"column":8},"end":{"line":591,"column":8}}]},"13":{"line":600,"type":"if","locations":[{"start":{"line":600,"column":8},"end":{"line":600,"column":8}},{"start":{"line":600,"column":8},"end":{"line":600,"column":8}}]},"14":{"line":622,"type":"if","locations":[{"start":{"line":622,"column":8},"end":{"line":622,"column":8}},{"start":{"line":622,"column":8},"end":{"line":622,"column":8}}]},"15":{"line":642,"type":"if","locations":[{"start":{"line":642,"column":8},"end":{"line":642,"column":8}},{"start":{"line":642,"column":8},"end":{"line":642,"column":8}}]},"16":{"line":644,"type":"if","locations":[{"start":{"line":644,"column":8},"end":{"line":644,"column":8}},{"start":{"line":644,"column":8},"end":{"line":644,"column":8}}]},"17":{"line":656,"type":"if","locations":[{"start":{"line":656,"column":8},"end":{"line":656,"column":8}},{"start":{"line":656,"column":8},"end":{"line":656,"column":8}}]},"18":{"line":684,"type":"if","locations":[{"start":{"line":684,"column":8},"end":{"line":684,"column":8}},{"start":{"line":684,"column":8},"end":{"line":684,"column":8}}]},"19":{"line":709,"type":"if","locations":[{"start":{"line":709,"column":8},"end":{"line":709,"column":8}},{"start":{"line":709,"column":8},"end":{"line":709,"column":8}}]},"20":{"line":738,"type":"if","locations":[{"start":{"line":738,"column":8},"end":{"line":738,"column":8}},{"start":{"line":738,"column":8},"end":{"line":738,"column":8}}]},"21":{"line":761,"type":"if","locations":[{"start":{"line":761,"column":8},"end":{"line":761,"column":8}},{"start":{"line":761,"column":8},"end":{"line":761,"column":8}}]},"22":{"line":790,"type":"if","locations":[{"start":{"line":790,"column":8},"end":{"line":790,"column":8}},{"start":{"line":790,"column":8},"end":{"line":790,"column":8}}]},"23":{"line":809,"type":"if","locations":[{"start":{"line":809,"column":8},"end":{"line":809,"column":8}},{"start":{"line":809,"column":8},"end":{"line":809,"column":8}}]},"24":{"line":810,"type":"if","locations":[{"start":{"line":810,"column":8},"end":{"line":810,"column":8}},{"start":{"line":810,"column":8},"end":{"line":810,"column":8}}]},"25":{"line":860,"type":"if","locations":[{"start":{"line":860,"column":8},"end":{"line":860,"column":8}},{"start":{"line":860,"column":8},"end":{"line":860,"column":8}}]},"26":{"line":861,"type":"if","locations":[{"start":{"line":861,"column":8},"end":{"line":861,"column":8}},{"start":{"line":861,"column":8},"end":{"line":861,"column":8}}]},"27":{"line":895,"type":"if","locations":[{"start":{"line":895,"column":8},"end":{"line":895,"column":8}},{"start":{"line":895,"column":8},"end":{"line":895,"column":8}}]},"28":{"line":916,"type":"if","locations":[{"start":{"line":916,"column":8},"end":{"line":916,"column":8}},{"start":{"line":916,"column":8},"end":{"line":916,"column":8}}]},"29":{"line":920,"type":"if","locations":[{"start":{"line":920,"column":16},"end":{"line":920,"column":16}},{"start":{"line":920,"column":16},"end":{"line":920,"column":16}}]},"30":{"line":991,"type":"if","locations":[{"start":{"line":991,"column":8},"end":{"line":991,"column":8}},{"start":{"line":991,"column":8},"end":{"line":991,"column":8}}]},"31":{"line":1011,"type":"if","locations":[{"start":{"line":1011,"column":8},"end":{"line":1011,"column":8}},{"start":{"line":1011,"column":8},"end":{"line":1011,"column":8}}]},"32":{"line":1056,"type":"if","locations":[{"start":{"line":1056,"column":8},"end":{"line":1056,"column":8}},{"start":{"line":1056,"column":8},"end":{"line":1056,"column":8}}]},"33":{"line":1298,"type":"if","locations":[{"start":{"line":1298,"column":8},"end":{"line":1298,"column":8}},{"start":{"line":1298,"column":8},"end":{"line":1298,"column":8}}]},"34":{"line":1319,"type":"if","locations":[{"start":{"line":1319,"column":8},"end":{"line":1319,"column":8}},{"start":{"line":1319,"column":8},"end":{"line":1319,"column":8}}]},"35":{"line":1436,"type":"if","locations":[{"start":{"line":1436,"column":8},"end":{"line":1436,"column":8}},{"start":{"line":1436,"column":8},"end":{"line":1436,"column":8}}]},"36":{"line":1454,"type":"if","locations":[{"start":{"line":1454,"column":8},"end":{"line":1454,"column":8}},{"start":{"line":1454,"column":8},"end":{"line":1454,"column":8}}]},"37":{"line":1486,"type":"if","locations":[{"start":{"line":1486,"column":8},"end":{"line":1486,"column":8}},{"start":{"line":1486,"column":8},"end":{"line":1486,"column":8}}]},"38":{"line":1623,"type":"if","locations":[{"start":{"line":1623,"column":8},"end":{"line":1623,"column":8}},{"start":{"line":1623,"column":8},"end":{"line":1623,"column":8}}]},"39":{"line":1636,"type":"if","locations":[{"start":{"line":1636,"column":8},"end":{"line":1636,"column":8}},{"start":{"line":1636,"column":8},"end":{"line":1636,"column":8}}]},"40":{"line":1646,"type":"if","locations":[{"start":{"line":1646,"column":8},"end":{"line":1646,"column":8}},{"start":{"line":1646,"column":8},"end":{"line":1646,"column":8}}]},"41":{"line":1649,"type":"if","locations":[{"start":{"line":1649,"column":8},"end":{"line":1649,"column":8}},{"start":{"line":1649,"column":8},"end":{"line":1649,"column":8}}]},"42":{"line":1656,"type":"if","locations":[{"start":{"line":1656,"column":12},"end":{"line":1656,"column":12}},{"start":{"line":1656,"column":12},"end":{"line":1656,"column":12}}]},"43":{"line":1659,"type":"if","locations":[{"start":{"line":1659,"column":12},"end":{"line":1659,"column":12}},{"start":{"line":1659,"column":12},"end":{"line":1659,"column":12}}]},"44":{"line":1664,"type":"if","locations":[{"start":{"line":1664,"column":8},"end":{"line":1664,"column":8}},{"start":{"line":1664,"column":8},"end":{"line":1664,"column":8}}]},"45":{"line":1666,"type":"if","locations":[{"start":{"line":1666,"column":8},"end":{"line":1666,"column":8}},{"start":{"line":1666,"column":8},"end":{"line":1666,"column":8}}]},"46":{"line":1670,"type":"if","locations":[{"start":{"line":1670,"column":8},"end":{"line":1670,"column":8}},{"start":{"line":1670,"column":8},"end":{"line":1670,"column":8}}]},"47":{"line":1678,"type":"if","locations":[{"start":{"line":1678,"column":8},"end":{"line":1678,"column":8}},{"start":{"line":1678,"column":8},"end":{"line":1678,"column":8}}]},"48":{"line":1694,"type":"if","locations":[{"start":{"line":1694,"column":8},"end":{"line":1694,"column":8}},{"start":{"line":1694,"column":8},"end":{"line":1694,"column":8}}]},"49":{"line":1697,"type":"if","locations":[{"start":{"line":1697,"column":8},"end":{"line":1697,"column":8}},{"start":{"line":1697,"column":8},"end":{"line":1697,"column":8}}]},"50":{"line":1698,"type":"if","locations":[{"start":{"line":1698,"column":12},"end":{"line":1698,"column":12}},{"start":{"line":1698,"column":12},"end":{"line":1698,"column":12}}]},"51":{"line":1705,"type":"if","locations":[{"start":{"line":1705,"column":8},"end":{"line":1705,"column":8}},{"start":{"line":1705,"column":8},"end":{"line":1705,"column":8}}]},"52":{"line":1732,"type":"if","locations":[{"start":{"line":1732,"column":8},"end":{"line":1732,"column":8}},{"start":{"line":1732,"column":8},"end":{"line":1732,"column":8}}]},"53":{"line":1733,"type":"if","locations":[{"start":{"line":1733,"column":12},"end":{"line":1733,"column":12}},{"start":{"line":1733,"column":12},"end":{"line":1733,"column":12}}]},"54":{"line":1738,"type":"if","locations":[{"start":{"line":1738,"column":15},"end":{"line":1738,"column":15}},{"start":{"line":1738,"column":15},"end":{"line":1738,"column":15}}]},"55":{"line":1739,"type":"if","locations":[{"start":{"line":1739,"column":12},"end":{"line":1739,"column":12}},{"start":{"line":1739,"column":12},"end":{"line":1739,"column":12}}]},"56":{"line":1744,"type":"if","locations":[{"start":{"line":1744,"column":12},"end":{"line":1744,"column":12}},{"start":{"line":1744,"column":12},"end":{"line":1744,"column":12}}]},"57":{"line":1745,"type":"if","locations":[{"start":{"line":1745,"column":16},"end":{"line":1745,"column":16}},{"start":{"line":1745,"column":16},"end":{"line":1745,"column":16}}]},"58":{"line":1749,"type":"if","locations":[{"start":{"line":1749,"column":16},"end":{"line":1749,"column":16}},{"start":{"line":1749,"column":16},"end":{"line":1749,"column":16}}]},"59":{"line":1785,"type":"if","locations":[{"start":{"line":1785,"column":8},"end":{"line":1785,"column":8}},{"start":{"line":1785,"column":8},"end":{"line":1785,"column":8}}]},"60":{"line":1787,"type":"if","locations":[{"start":{"line":1787,"column":8},"end":{"line":1787,"column":8}},{"start":{"line":1787,"column":8},"end":{"line":1787,"column":8}}]},"61":{"line":1789,"type":"if","locations":[{"start":{"line":1789,"column":8},"end":{"line":1789,"column":8}},{"start":{"line":1789,"column":8},"end":{"line":1789,"column":8}}]},"62":{"line":1801,"type":"if","locations":[{"start":{"line":1801,"column":8},"end":{"line":1801,"column":8}},{"start":{"line":1801,"column":8},"end":{"line":1801,"column":8}}]},"63":{"line":1825,"type":"if","locations":[{"start":{"line":1825,"column":8},"end":{"line":1825,"column":8}},{"start":{"line":1825,"column":8},"end":{"line":1825,"column":8}}]},"64":{"line":1855,"type":"if","locations":[{"start":{"line":1855,"column":9},"end":{"line":1855,"column":9}},{"start":{"line":1855,"column":9},"end":{"line":1855,"column":9}}]},"65":{"line":1856,"type":"if","locations":[{"start":{"line":1856,"column":9},"end":{"line":1856,"column":9}},{"start":{"line":1856,"column":9},"end":{"line":1856,"column":9}}]},"66":{"line":1857,"type":"if","locations":[{"start":{"line":1857,"column":3},"end":{"line":1857,"column":3}},{"start":{"line":1857,"column":3},"end":{"line":1857,"column":3}}]}}}}